13-12-2024 04:27 - INFO - Chemin d'origine est : D:\PythonTp\3.MiniProjet\Projet0\Directory
13-12-2024 04:27 - INFO - Chemin de destination D:\PythonTp\3.MiniProjet\Projet0\Directory\CSV\access_logs.csv
13-12-2024 04:27 - INFO - Deplacons le fichier access_logs.csv de D:\PythonTp\3.MiniProjet\Projet0\Directory vers D:\PythonTp\3.MiniProjet\Projet0\Directory\CSV\access_logs.csv
13-12-2024 04:27 - INFO - Chemin de destination D:\PythonTp\3.MiniProjet\Projet0\Directory\TXT\AngularNote2.txt
13-12-2024 04:27 - INFO - Deplacons le fichier AngularNote2.txt de D:\PythonTp\3.MiniProjet\Projet0\Directory vers D:\PythonTp\3.MiniProjet\Projet0\Directory\TXT\AngularNote2.txt
13-12-2024 04:27 - INFO - Chemin de destination D:\PythonTp\3.MiniProjet\Projet0\Directory\TXT\AngularRequettesHTTP.txt
13-12-2024 04:27 - INFO - Deplacons le fichier AngularRequettesHTTP.txt de D:\PythonTp\3.MiniProjet\Projet0\Directory vers D:\PythonTp\3.MiniProjet\Projet0\Directory\TXT\AngularRequettesHTTP.txt
13-12-2024 04:27 - INFO - Chemin de destination D:\PythonTp\3.MiniProjet\Projet0\Directory\MP4\Bruno Mars - That's What I Like (lyrics).mp4
13-12-2024 04:27 - INFO - Deplacons le fichier Bruno Mars - That's What I Like (lyrics).mp4 de D:\PythonTp\3.MiniProjet\Projet0\Directory vers D:\PythonTp\3.MiniProjet\Projet0\Directory\MP4\Bruno Mars - That's What I Like (lyrics).mp4
13-12-2024 04:27 - INFO - Chemin de destination D:\PythonTp\3.MiniProjet\Projet0\Directory\XLSX\Classeur1.xlsx
13-12-2024 04:27 - INFO - Deplacons le fichier Classeur1.xlsx de D:\PythonTp\3.MiniProjet\Projet0\Directory vers D:\PythonTp\3.MiniProjet\Projet0\Directory\XLSX\Classeur1.xlsx
13-12-2024 04:27 - INFO - Chemin de destination D:\PythonTp\3.MiniProjet\Projet0\Directory\PDF\CV - Jordan Wada .pdf
13-12-2024 04:27 - INFO - Deplacons le fichier CV - Jordan Wada .pdf de D:\PythonTp\3.MiniProjet\Projet0\Directory vers D:\PythonTp\3.MiniProjet\Projet0\Directory\PDF\CV - Jordan Wada .pdf
13-12-2024 04:27 - INFO - Chemin de destination D:\PythonTp\3.MiniProjet\Projet0\Directory\DOCX\CVWada.docx
13-12-2024 04:27 - INFO - Deplacons le fichier CVWada.docx de D:\PythonTp\3.MiniProjet\Projet0\Directory vers D:\PythonTp\3.MiniProjet\Projet0\Directory\DOCX\CVWada.docx
13-12-2024 04:27 - INFO - Chemin de destination D:\PythonTp\3.MiniProjet\Projet0\Directory\PDF\CvWadaJOB.pdf
13-12-2024 04:27 - INFO - Deplacons le fichier CvWadaJOB.pdf de D:\PythonTp\3.MiniProjet\Projet0\Directory vers D:\PythonTp\3.MiniProjet\Projet0\Directory\PDF\CvWadaJOB.pdf
13-12-2024 04:27 - INFO - Chemin de destination D:\PythonTp\3.MiniProjet\Projet0\Directory\PDF\CV_WADADev.pdf
13-12-2024 04:27 - INFO - Deplacons le fichier CV_WADADev.pdf de D:\PythonTp\3.MiniProjet\Projet0\Directory vers D:\PythonTp\3.MiniProjet\Projet0\Directory\PDF\CV_WADADev.pdf
13-12-2024 04:27 - INFO - Chemin de destination D:\PythonTp\3.MiniProjet\Projet0\Directory\XLSX\DocumentsInvestigationPOWERNET.xlsx
13-12-2024 04:27 - INFO - Deplacons le fichier DocumentsInvestigationPOWERNET.xlsx de D:\PythonTp\3.MiniProjet\Projet0\Directory vers D:\PythonTp\3.MiniProjet\Projet0\Directory\XLSX\DocumentsInvestigationPOWERNET.xlsx
13-12-2024 04:27 - INFO - Chemin de destination D:\PythonTp\3.MiniProjet\Projet0\Directory\XLSX\Dossiers investigations IG (003).xlsx
13-12-2024 04:27 - INFO - Deplacons le fichier Dossiers investigations IG (003).xlsx de D:\PythonTp\3.MiniProjet\Projet0\Directory vers D:\PythonTp\3.MiniProjet\Projet0\Directory\XLSX\Dossiers investigations IG (003).xlsx
13-12-2024 04:27 - INFO - Chemin de destination D:\PythonTp\3.MiniProjet\Projet0\Directory\JPG\Dropchk_challengers.JPG
13-12-2024 04:27 - INFO - Deplacons le fichier Dropchk_challengers.JPG de D:\PythonTp\3.MiniProjet\Projet0\Directory vers D:\PythonTp\3.MiniProjet\Projet0\Directory\JPG\Dropchk_challengers.JPG
13-12-2024 04:27 - INFO - Chemin de destination D:\PythonTp\3.MiniProjet\Projet0\Directory\TXT\from-scrachtNG.txt
13-12-2024 04:27 - INFO - Deplacons le fichier from-scrachtNG.txt de D:\PythonTp\3.MiniProjet\Projet0\Directory vers D:\PythonTp\3.MiniProjet\Projet0\Directory\TXT\from-scrachtNG.txt
13-12-2024 04:27 - INFO - Chemin de destination D:\PythonTp\3.MiniProjet\Projet0\Directory\MP4\FR_7471261_CRS_introduction-a-angular_2-0_3-4_SCR.mp4
13-12-2024 04:27 - INFO - Deplacons le fichier FR_7471261_CRS_introduction-a-angular_2-0_3-4_SCR.mp4 de D:\PythonTp\3.MiniProjet\Projet0\Directory vers D:\PythonTp\3.MiniProjet\Projet0\Directory\MP4\FR_7471261_CRS_introduction-a-angular_2-0_3-4_SCR.mp4
13-12-2024 04:27 - INFO - Chemin de destination D:\PythonTp\3.MiniProjet\Projet0\Directory\JPG\NiveauPrioriteRisque.JPG
13-12-2024 04:27 - INFO - Deplacons le fichier NiveauPrioriteRisque.JPG de D:\PythonTp\3.MiniProjet\Projet0\Directory vers D:\PythonTp\3.MiniProjet\Projet0\Directory\JPG\NiveauPrioriteRisque.JPG
13-12-2024 04:27 - INFO - Chemin de destination D:\PythonTp\3.MiniProjet\Projet0\Directory\DOCX\NOTES PROJET KAMERSHOP.docx
13-12-2024 04:27 - INFO - Deplacons le fichier NOTES PROJET KAMERSHOP.docx de D:\PythonTp\3.MiniProjet\Projet0\Directory vers D:\PythonTp\3.MiniProjet\Projet0\Directory\DOCX\NOTES PROJET KAMERSHOP.docx
13-12-2024 04:27 - INFO - Chemin de destination D:\PythonTp\3.MiniProjet\Projet0\Directory\JPG\RecapPrioriteRisque.JPG
13-12-2024 04:27 - INFO - Deplacons le fichier RecapPrioriteRisque.JPG de D:\PythonTp\3.MiniProjet\Projet0\Directory vers D:\PythonTp\3.MiniProjet\Projet0\Directory\JPG\RecapPrioriteRisque.JPG
13-12-2024 04:27 - INFO - Chemin de destination D:\PythonTp\3.MiniProjet\Projet0\Directory\PNG\share-svgrepo-com.png
13-12-2024 04:27 - INFO - Deplacons le fichier share-svgrepo-com.png de D:\PythonTp\3.MiniProjet\Projet0\Directory vers D:\PythonTp\3.MiniProjet\Projet0\Directory\PNG\share-svgrepo-com.png
